<?xml version="1.0"?>
<testsuite name="Chrome 141.0.0.0 (Windows 10)" package="" timestamp="2025-10-09T06:44:33" id="0" hostname="HörbiPc" tests="958" errors="0" failures="0" time="3.809">
  <properties>
    <property name="browser.fullName" value="Mozilla/5.0 (Windows NT 10.0; Win64; x64) AppleWebKit/537.36 (KHTML, like Gecko) Chrome/141.0.0.0 Safari/537.36"/>
  </properties>
  <testcase name="AppComponent should create the app" time="0.091" classname="AppComponent"/>
  <testcase name="AppComponent should have as title 'klacks'" time="0.007" classname="AppComponent"/>
  <testcase name="AppComponent should render the content correctly" time="0.023" classname="AppComponent"/>
  <testcase name="ScriptService should be created" time="0.002" classname="ScriptService"/>
  <testcase name="ScriptService should interpret correctly for script: debugprint 10/9" time="0.003" classname="ScriptService"/>
  <testcase name="ScriptService should interpret correctly for script: message 1, 10/9" time="0.001" classname="ScriptService"/>
  <testcase name="ScriptService should interpret correctly for script: debugprint 10\9" time="0.001" classname="ScriptService"/>
  <testcase name="ScriptService should interpret correctly for script: message 1, 10\9" time="0.001" classname="ScriptService"/>
  <testcase name="ScriptService should interpret correctly for script: debugprint 10 mod 3" time="0.001" classname="ScriptService"/>
  <testcase name="ScriptService should interpret correctly for script: message 1, 10 mod 3" time="0.001" classname="ScriptService"/>
  <testcase name="ScriptService should interpret correctly for script: debugprint 10 ^ 3" time="0" classname="ScriptService"/>
  <testcase name="ScriptService should interpret correctly for script: message 1, 10 ^ 3" time="0.001" classname="ScriptService"/>
  <testcase name="ScriptService should interpret correctly for script: debugprint -1 * -1" time="0.001" classname="ScriptService"/>
  <testcase name="ScriptService should interpret correctly for script: message 1, -1 * -1" time="0" classname="ScriptService"/>
  <testcase name="ScriptService should interpret correctly for script: debugprint 1 * -1" time="0.001" classname="ScriptService"/>
  <testcase name="ScriptService should interpret correctly for script: message 1, 1 * -1" time="0" classname="ScriptService"/>
  <testcase name="ScriptService should interpret correctly for script: debugprint 0 * 1" time="0.001" classname="ScriptService"/>
  <testcase name="ScriptService should interpret correctly for script: message 1, 0 * 1" time="0.001" classname="ScriptService"/>
  <testcase name="ScriptService should interpret correctly for script: debugprint 0 / 1" time="0" classname="ScriptService"/>
  <testcase name="ScriptService should interpret correctly for script: message 1, 0 / 1" time="0.001" classname="ScriptService"/>
  <testcase name="ScriptService should interpret correctly for script: debugprint 1 / 0" time="0.001" classname="ScriptService"/>
  <testcase name="ScriptService should interpret correctly for script: message 1, 1 / 0" time="0" classname="ScriptService"/>
  <testcase name="ScriptService should interpret correctly for script: debugprint 2 + 3 * 4" time="0.001" classname="ScriptService"/>
  <testcase name="ScriptService should interpret correctly for script: message 1, 2 + 3 * 4" time="0" classname="ScriptService"/>
  <testcase name="ScriptService should interpret correctly for script: debugprint (2 + 3) * 4" time="0.001" classname="ScriptService"/>
  <testcase name="ScriptService should interpret correctly for script: message 1, (2 + 3) * 4" time="0" classname="ScriptService"/>
  <testcase name="ScriptService should interpret correctly for script: dim x&#xA;&#xA;x = 10&#xA;x += 5&#xA;x *= 3&#xA;x -=10&#xA;x /= 2.5&#xA;&#xA;x &amp;= &quot; cm&quot;&#xA;&#xA;debugprint x" time="0.001" classname="ScriptService"/>
  <testcase name="ScriptService should interpret correctly for script: dim x&#xA;&#xA;x = 10&#xA;x += 5&#xA;x *= 3&#xA;x -=10&#xA;x /= 2.5&#xA;&#xA;x &amp;= &quot; cm&quot;&#xA;&#xA;message 1, x" time="0.001" classname="ScriptService"/>
  <testcase name="ScriptService should interpret correctly for script: dim x&#xA;&#xA;x = 10&#xA;x += 5&#xA;x *= 3&#xA;x -=10&#xA;x /= 2.5&#xA;&#xA;x &amp;= &quot; cm&quot;&#xA;&#xA;debugprint x" time="0" classname="ScriptService"/>
  <testcase name="ScriptService should interpret correctly for script: dim x&#xA;&#xA;x = 10&#xA;x += 5&#xA;x *= 3&#xA;x -=10&#xA;x /= 2.5&#xA;&#xA;x &amp;= &quot; cm&quot;&#xA;&#xA;message 1, x" time="0.001" classname="ScriptService"/>
  <testcase name="LocalStorageStack pushOnStack should push a value onto the stack" time="0" classname="LocalStorageStack pushOnStack"/>
  <testcase name="LocalStorageStack pushOnStack should not push a duplicate of the last element" time="0" classname="LocalStorageStack pushOnStack"/>
  <testcase name="LocalStorageStack popFromStack should pop the last value from the stack" time="0" classname="LocalStorageStack popFromStack"/>
  <testcase name="LocalStorageStack popFromStack should return an empty string if the stack is empty" time="0" classname="LocalStorageStack popFromStack"/>
  <testcase name="LocalStorageStack countItemInStack should return the correct number of items in the stack" time="0" classname="LocalStorageStack countItemInStack"/>
  <testcase name="LocalStorageStack deleteStack should delete the stack from localStorage" time="0" classname="LocalStorageStack deleteStack"/>
  <testcase name="TranslateStringConstantsService should be created" time="0.001" classname="TranslateStringConstantsService"/>
  <testcase name="Utility Functions isNumeric should return true for numeric values" time="0.001" classname="Utility Functions isNumeric"/>
  <testcase name="Utility Functions isNumeric should return false for non-numeric values" time="0" classname="Utility Functions isNumeric"/>
  <testcase name="Utility Functions replaceUmlaut should replace lowercase umlauts" time="0" classname="Utility Functions replaceUmlaut"/>
  <testcase name="Utility Functions replaceUmlaut should replace lowercase umlauts" time="0" classname="Utility Functions replaceUmlaut"/>
  <testcase name="Utility Functions replaceUmlaut should handle strings without umlauts" time="0" classname="Utility Functions replaceUmlaut"/>
  <testcase name="Utility Functions replaceUmlaut should handle empty strings" time="0" classname="Utility Functions replaceUmlaut"/>
  <testcase name="Utility Functions replaceUmlaut should handle strings" time="0" classname="Utility Functions replaceUmlaut"/>
  <testcase name="Utility Functions validateEmail should return true for valid email addresses" time="0.001" classname="Utility Functions validateEmail"/>
  <testcase name="Utility Functions validateEmail should return false for invalid email addresses" time="0" classname="Utility Functions validateEmail"/>
  <testcase name="Utility Functions validateEmail should return false for empty string" time="0" classname="Utility Functions validateEmail"/>
  <testcase name="Utility Functions validateEmail should return false for undefined" time="0.001" classname="Utility Functions validateEmail"/>
  <testcase name="Password Utilities generatePassword should generate a password of correct length" time="0.001" classname="Password Utilities generatePassword"/>
  <testcase name="Password Utilities generatePassword should contain at least one lowercase, uppercase, digit, and special character" time="0" classname="Password Utilities generatePassword"/>
  <testcase name="Password Utilities checkPasswordStrength should return Short for passwords shorter than minimum length" time="0" classname="Password Utilities checkPasswordStrength"/>
  <testcase name="Password Utilities checkPasswordStrength should return Common for common passwords" time="0" classname="Password Utilities checkPasswordStrength"/>
  <testcase name="Password Utilities checkPasswordStrength should return Weak for weak passwords" time="0.001" classname="Password Utilities checkPasswordStrength"/>
  <testcase name="Password Utilities checkPasswordStrength should return Ok for moderate passwords" time="0" classname="Password Utilities checkPasswordStrength"/>
  <testcase name="Password Utilities checkPasswordStrength should return Strong for strong passwords" time="0" classname="Password Utilities checkPasswordStrength"/>
  <testcase name="HolidaysListHelper should initialize with the current year" time="0.001" classname="HolidaysListHelper"/>
  <testcase name="HolidaysListHelper should add a calendar rule" time="0.001" classname="HolidaysListHelper"/>
  <testcase name="HolidaysListHelper should compute eastern" time="0.001" classname="HolidaysListHelper"/>
  <testcase name="HolidaysListHelper should compute pentecost" time="0.001" classname="HolidaysListHelper"/>
  <testcase name="HolidaysListHelper should compute corpus christi" time="0.001" classname="HolidaysListHelper"/>
  <testcase name="HolidaysListHelper should compute silvester" time="0.001" classname="HolidaysListHelper"/>
  <testcase name="HolidaysListHelper should compute labor day" time="0.002" classname="HolidaysListHelper"/>
  <testcase name="HolidaysListHelper is leap year" time="0.001" classname="HolidaysListHelper"/>
  <testcase name="HolidaysListHelper is not leap year" time="0" classname="HolidaysListHelper"/>
  <testcase name="HolidaysListHelper should return 1 for 1 January" time="0.001" classname="HolidaysListHelper"/>
  <testcase name="HolidaysListHelper should return 31 for 31 January" time="0" classname="HolidaysListHelper"/>
  <testcase name="HolidaysListHelper Should return 59 for 28 February in a non-leap year" time="0.001" classname="HolidaysListHelper"/>
  <testcase name="HolidaysListHelper Should return 60 for 29 February in a leap year" time="0" classname="HolidaysListHelper"/>
  <testcase name="HolidaysListHelper should return week 52 for 1st January 2022" time="0.001" classname="HolidaysListHelper"/>
  <testcase name="HolidaysListHelper should return week 52 for 31st December 2021" time="0" classname="HolidaysListHelper"/>
  <testcase name="HolidaysListHelper should return week 1 for 4th January 2021" time="0" classname="HolidaysListHelper"/>
  <testcase name="HolidaysListHelper should return week 53 for 31st December 2020" time="0.001" classname="HolidaysListHelper"/>
  <testcase name="HolidaysListHelper should return week 2 for 6th January 2020" time="0.001" classname="HolidaysListHelper"/>
  <testcase name="HolidaysListHelper should return week 1 for 30th December 2019" time="0.001" classname="HolidaysListHelper"/>
  <testcase name="HolidaysListHelper should return week 2 for 7th January 2019" time="0" classname="HolidaysListHelper"/>
  <testcase name="HolidaysListHelper should return week 1 for 1st January 2018" time="0" classname="HolidaysListHelper"/>
  <testcase name="HolidaysListHelper should return week 1 for 31st December 2018" time="0.001" classname="HolidaysListHelper"/>
  <testcase name="HolidaysListHelper should return week 52 for 25th December 2017" time="0" classname="HolidaysListHelper"/>
  <testcase name="DataManagementBreakService should be created" time="0.002" classname="DataManagementBreakService"/>
  <testcase name="DataManagementBreakService Membership validation should allow break creation for client without membership" time="0.001" classname="DataManagementBreakService Membership validation"/>
  <testcase name="DataManagementBreakService Membership validation should allow valid break creation within membership period" time="0.001" classname="DataManagementBreakService Membership validation"/>
  <testcase name="DataManagementBreakService Membership validation should reject break creation before membership start" time="0.046" classname="DataManagementBreakService Membership validation"/>
  <testcase name="DataManagementBreakService Membership validation should reject break creation after membership end" time="0.001" classname="DataManagementBreakService Membership validation"/>
  <testcase name="DataManagementBreakService Membership validation should reject break spanning outside membership period" time="0.001" classname="DataManagementBreakService Membership validation"/>
  <testcase name="DataManagementBreakService Membership validation should return false for invalid client index" time="0.001" classname="DataManagementBreakService Membership validation"/>
  <testcase name="DataManagementBreakService Membership validation should format error messages with date parameters" time="0.001" classname="DataManagementBreakService Membership validation"/>
  <testcase name="DataManagementBreakService Membership validation should validate membership with only validFrom date" time="0.001" classname="DataManagementBreakService Membership validation"/>
  <testcase name="DataManagementBreakService Membership validation should validate membership with only validUntil date" time="0.001" classname="DataManagementBreakService Membership validation"/>
  <testcase name="DataManagementBreakService updateBreak validation should reject break update outside membership period" time="0.001" classname="DataManagementBreakService updateBreak validation"/>
  <testcase name="DataManagementLLMService should be created" time="0.001" classname="DataManagementLLMService"/>
  <testcase name="DataManagementLLMService initialization should initialize models on startup" time="0.001" classname="DataManagementLLMService initialization"/>
  <testcase name="DataManagementLLMService initialization should set default model from enabled models" time="0" classname="DataManagementLLMService initialization"/>
  <testcase name="DataManagementLLMService initialization should handle model loading error" time="0.001" classname="DataManagementLLMService initialization"/>
  <testcase name="DataManagementLLMService sendMessage should send message and create conversation" time="0.001" classname="DataManagementLLMService sendMessage"/>
  <testcase name="DataManagementLLMService sendMessage should return error when no model selected" time="0.063" classname="DataManagementLLMService sendMessage"/>
  <testcase name="DataManagementLLMService sendMessage should handle chat error" time="0.057" classname="DataManagementLLMService sendMessage"/>
  <testcase name="DataManagementLLMService model management should set current model" time="0.001" classname="DataManagementLLMService model management"/>
  <testcase name="DataManagementLLMService model management should not set disabled model as current" time="0.001" classname="DataManagementLLMService model management"/>
  <testcase name="DataManagementLLMService model management should get model info" time="0" classname="DataManagementLLMService model management"/>
  <testcase name="DataManagementLLMService model management should get default model" time="0.001" classname="DataManagementLLMService model management"/>
  <testcase name="DataManagementLLMService model management should enable model" time="0.001" classname="DataManagementLLMService model management"/>
  <testcase name="DataManagementLLMService model management should disable model" time="0.001" classname="DataManagementLLMService model management"/>
  <testcase name="DataManagementLLMService model management should set default model" time="0.001" classname="DataManagementLLMService model management"/>
  <testcase name="DataManagementLLMService model management should create model" time="0.001" classname="DataManagementLLMService model management"/>
  <testcase name="DataManagementLLMService model management should delete model" time="0" classname="DataManagementLLMService model management"/>
  <testcase name="DataManagementLLMService model management should update model" time="0.001" classname="DataManagementLLMService model management"/>
  <testcase name="DataManagementLLMService model management should throw error when updating model without ID" time="0.001" classname="DataManagementLLMService model management"/>
  <testcase name="DataManagementLLMService conversation management should clear specific conversation" time="0.001" classname="DataManagementLLMService conversation management"/>
  <testcase name="DataManagementLLMService conversation management should clear all conversations" time="0.001" classname="DataManagementLLMService conversation management"/>
  <testcase name="DataManagementLLMService conversation management should get conversation IDs" time="0.001" classname="DataManagementLLMService conversation management"/>
  <testcase name="DataManagementLLMService conversation management should get all conversations sorted by last activity" time="0.117" classname="DataManagementLLMService conversation management"/>
  <testcase name="DataManagementLLMService usage and statistics should get usage statistics" time="0.001" classname="DataManagementLLMService usage and statistics"/>
  <testcase name="DataManagementLLMService usage and statistics should handle usage statistics error" time="0.001" classname="DataManagementLLMService usage and statistics"/>
  <testcase name="DataManagementLLMService language and context should set language" time="0.001" classname="DataManagementLLMService language and context"/>
  <testcase name="DataManagementLLMService language and context should get help information" time="0.001" classname="DataManagementLLMService language and context"/>
  <testcase name="DataManagementLLMService language and context should get functions" time="0" classname="DataManagementLLMService language and context"/>
  <testcase name="DataManagementLLMService loading state should track loading state" time="0.001" classname="DataManagementLLMService loading state"/>
  <testcase name="DataManagementLLMService reload functionality should reload models" time="0.001" classname="DataManagementLLMService reload functionality"/>
  <testcase name="DataManagementShiftCutService should be created" time="0.001" classname="DataManagementShiftCutService"/>
  <testcase name="DataManagementShiftCutService should implement the necessary interfaces" time="0" classname="DataManagementShiftCutService"/>
  <testcase name="DataManagementShiftCutService goBack should return correct path" time="0" classname="DataManagementShiftCutService goBack"/>
  <testcase name="DataManagementShiftService should be created" time="0.001" classname="DataManagementShiftService"/>
  <testcase name="WorkTimeCalculationService should be created" time="0" classname="WorkTimeCalculationService"/>
  <testcase name="WorkTimeCalculationService calculateWorkTime should calculate normal shift correctly: 08:00-16:00 → Start: 8×60=480min, End: 16×60=960min, Result: 960-480=480min=8.0h" time="0" classname="WorkTimeCalculationService calculateWorkTime"/>
  <testcase name="WorkTimeCalculationService calculateWorkTime should calculate overnight shift correctly: 22:00-06:00 → Start: 22×60=1320min, End: 6×60=360min, Result: (24×60-1320)+360=120+360=480min=8.0h" time="0" classname="WorkTimeCalculationService calculateWorkTime"/>
  <testcase name="WorkTimeCalculationService calculateWorkTime should calculate 24-hour shift correctly: 07:00-07:00 → Start: 7×60=420min, End: 7×60=420min, Same time → 24×60=1440min=24.0h" time="0" classname="WorkTimeCalculationService calculateWorkTime"/>
  <testcase name="WorkTimeCalculationService calculateWorkTime should calculate shift with minutes correctly: 09:30-17:45 → Start: 9×60+30=570min, End: 17×60+45=1065min, Result: 1065-570=495min=8.25h=8:15" time="0.001" classname="WorkTimeCalculationService calculateWorkTime"/>
  <testcase name="WorkTimeCalculationService calculateWorkTime should return 0 for invalid input" time="0.001" classname="WorkTimeCalculationService calculateWorkTime"/>
  <testcase name="WorkTimeCalculationService calculateWorkTimeWithFallback should use automatic calculation when start and end are provided" time="0.001" classname="WorkTimeCalculationService calculateWorkTimeWithFallback"/>
  <testcase name="WorkTimeCalculationService calculateWorkTimeWithFallback should fallback to manual workTime when start/end are invalid" time="0" classname="WorkTimeCalculationService calculateWorkTimeWithFallback"/>
  <testcase name="WorkTimeCalculationService calculateWorkTimeWithFallback should return 0 when all inputs are invalid" time="0" classname="WorkTimeCalculationService calculateWorkTimeWithFallback"/>
  <testcase name="WorkTimeCalculationService isValidTimeSpan should return true for valid normal shift" time="0.001" classname="WorkTimeCalculationService isValidTimeSpan"/>
  <testcase name="WorkTimeCalculationService isValidTimeSpan should return true for valid overnight shift" time="0" classname="WorkTimeCalculationService isValidTimeSpan"/>
  <testcase name="WorkTimeCalculationService isValidTimeSpan should return true for 24-hour shift" time="0" classname="WorkTimeCalculationService isValidTimeSpan"/>
  <testcase name="WorkTimeCalculationService isValidTimeSpan should return false for invalid input" time="0.001" classname="WorkTimeCalculationService isValidTimeSpan"/>
  <testcase name="WorkTimeCalculationService formatWorkTimeForDisplay should format whole hours correctly" time="0" classname="WorkTimeCalculationService formatWorkTimeForDisplay"/>
  <testcase name="WorkTimeCalculationService formatWorkTimeForDisplay should format hours with minutes correctly" time="0" classname="WorkTimeCalculationService formatWorkTimeForDisplay"/>
  <testcase name="WorkTimeCalculationService formatWorkTimeForDisplay should format half hours correctly" time="0.001" classname="WorkTimeCalculationService formatWorkTimeForDisplay"/>
  <testcase name="WorkTimeCalculationService formatWorkTimeForDisplay should handle zero correctly" time="0" classname="WorkTimeCalculationService formatWorkTimeForDisplay"/>
  <testcase name="WorkTimeCalculationService Real-world scenarios Database Fix: 07:00-15:00 → 8.0h (was 24h), 15:00-23:00 → 8.0h (was 0.4h), 23:00-07:00 → 8.0h (was 0.4h)" time="0" classname="WorkTimeCalculationService Real-world scenarios"/>
  <testcase name="DataCountryStateService should fetch country list" time="0.001" classname="DataCountryStateService"/>
  <testcase name="DataCountryStateService should add a country" time="0.001" classname="DataCountryStateService"/>
  <testcase name="DataCountryStateService should update a country" time="0" classname="DataCountryStateService"/>
  <testcase name="DataCountryStateService should delete a country" time="0" classname="DataCountryStateService"/>
  <testcase name="DataLLMProviderService should be created" time="0" classname="DataLLMProviderService"/>
  <testcase name="DataLLMProviderService getProviders should fetch all providers" time="0.001" classname="DataLLMProviderService getProviders"/>
  <testcase name="DataLLMProviderService getProviders should retry on failure" time="0" classname="DataLLMProviderService getProviders"/>
  <testcase name="DataLLMProviderService getProvider should fetch specific provider" time="0.001" classname="DataLLMProviderService getProvider"/>
  <testcase name="DataLLMProviderService createProvider should create new provider" time="0" classname="DataLLMProviderService createProvider"/>
  <testcase name="DataLLMProviderService updateProvider should update existing provider" time="0.001" classname="DataLLMProviderService updateProvider"/>
  <testcase name="DataLLMProviderService deleteProvider should delete provider" time="0" classname="DataLLMProviderService deleteProvider"/>
  <testcase name="DataLLMProviderService error handling should make HTTP request for getProvider" time="0.001" classname="DataLLMProviderService error handling"/>
  <testcase name="DataLLMProviderService error handling should make HTTP request for createProvider" time="0.001" classname="DataLLMProviderService error handling"/>
  <testcase name="DataLLMService should be created" time="0.002" classname="DataLLMService"/>
  <testcase name="DataLLMService chat should send chat request and return response" time="0.001" classname="DataLLMService chat"/>
  <testcase name="DataLLMService chat should retry on failure" time="0.001" classname="DataLLMService chat"/>
  <testcase name="DataLLMService getModels should fetch available models" time="0.001" classname="DataLLMService getModels"/>
  <testcase name="DataLLMService updateModel should update model configuration" time="0.001" classname="DataLLMService updateModel"/>
  <testcase name="DataLLMService model management should enable model" time="0.001" classname="DataLLMService model management"/>
  <testcase name="DataLLMService model management should disable model" time="0" classname="DataLLMService model management"/>
  <testcase name="DataLLMService model management should set default model" time="0.001" classname="DataLLMService model management"/>
  <testcase name="DataLLMService model management should create new model" time="0" classname="DataLLMService model management"/>
  <testcase name="DataLLMService model management should delete model" time="0.001" classname="DataLLMService model management"/>
  <testcase name="DataLLMService getUsage should fetch usage statistics with default days" time="0" classname="DataLLMService getUsage"/>
  <testcase name="DataLLMService getUsage should fetch usage statistics with custom days" time="0.001" classname="DataLLMService getUsage"/>
  <testcase name="DataLLMService getFunctions should fetch available functions" time="0" classname="DataLLMService getFunctions"/>
  <testcase name="DataLLMService getHelp should fetch help information" time="0.001" classname="DataLLMService getHelp"/>
  <testcase name="DataScheduleService should retrieve a work item by id" time="0.001" classname="DataScheduleService"/>
  <testcase name="DataScheduleService should add a new work item" time="0" classname="DataScheduleService"/>
  <testcase name="DataScheduleService should update an existing work item" time="0.001" classname="DataScheduleService"/>
  <testcase name="DataScheduleService should retrieve a list of client works based on filter" time="0" classname="DataScheduleService"/>
  <testcase name="DataSettingsVariousService should be created" time="0.001" classname="DataSettingsVariousService"/>
  <testcase name="DataSettingsVariousService should read a setting" time="0" classname="DataSettingsVariousService"/>
  <testcase name="DataSettingsVariousService should update a setting" time="0" classname="DataSettingsVariousService"/>
  <testcase name="DataSettingsVariousService should add a setting" time="0.001" classname="DataSettingsVariousService"/>
  <testcase name="DataSettingsVariousService should read a list of settings" time="0" classname="DataSettingsVariousService"/>
  <testcase name="DataShiftCutsService should be created" time="0.001" classname="DataShiftCutsService"/>
  <testcase name="DataShiftService should be created" time="0.001" classname="DataShiftService"/>
  <testcase name="BrowserStorageService should be created" time="0.002" classname="BrowserStorageService"/>
  <testcase name="BrowserStorageService should save and restore filter" time="0.001" classname="BrowserStorageService"/>
  <testcase name="BrowserStorageService should return null for non-existent filter" time="0.001" classname="BrowserStorageService"/>
  <testcase name="BrowserStorageService should remove filter" time="0.001" classname="BrowserStorageService"/>
  <testcase name="BrowserStorageService should check availability" time="0.001" classname="BrowserStorageService"/>
  <testcase name="BrowserStorageService should get keys with prefix" time="0.002" classname="BrowserStorageService"/>
  <testcase name="BrowserStorageService should clear filters with prefix" time="0.001" classname="BrowserStorageService"/>
  <testcase name="InMemoryStorageService should be created" time="0.001" classname="InMemoryStorageService"/>
  <testcase name="InMemoryStorageService should save and restore filter" time="0" classname="InMemoryStorageService"/>
  <testcase name="InMemoryStorageService should return null for non-existent filter" time="0" classname="InMemoryStorageService"/>
  <testcase name="InMemoryStorageService should remove filter" time="0" classname="InMemoryStorageService"/>
  <testcase name="InMemoryStorageService should check availability" time="0.001" classname="InMemoryStorageService"/>
  <testcase name="InMemoryStorageService should handle unavailable storage" time="0" classname="InMemoryStorageService"/>
  <testcase name="InMemoryStorageService should get keys with prefix" time="0.001" classname="InMemoryStorageService"/>
  <testcase name="InMemoryStorageService should clear filters with prefix" time="0.001" classname="InMemoryStorageService"/>
  <testcase name="InMemoryStorageService should provide utility methods" time="0" classname="InMemoryStorageService"/>
  <testcase name="LocalStorageService should get item from localStorage" time="0" classname="LocalStorageService"/>
  <testcase name="LocalStorageService should set item to localStorage" time="0.001" classname="LocalStorageService"/>
  <testcase name="LocalStorageService should remove item from localStorage" time="0" classname="LocalStorageService"/>
  <testcase name="LocalStorageService should get JSON item from localStorage" time="0" classname="LocalStorageService"/>
  <testcase name="LocalStorageService should set JSON item to localStorage" time="0" classname="LocalStorageService"/>
  <testcase name="LocalStorageService should clear all items from localStorage" time="0" classname="LocalStorageService"/>
  <testcase name="AuthGuard should return true if user is authenticated and authorised" time="0.001" classname="AuthGuard"/>
  <testcase name="AuthGuard should navigate to root and return false if user is not authenticated" time="0" classname="AuthGuard"/>
  <testcase name="AuthGuard should navigate to root and return false if user is not authorised" time="0.001" classname="AuthGuard"/>
  <testcase name="AuthService should be created" time="0.001" classname="AuthService"/>
  <testcase name="AuthService should authenticate a user and store a token on login" time="0" classname="AuthService"/>
  <testcase name="AuthService should remove token on logout" time="0" classname="AuthService"/>
  <testcase name="DragDropFileUploadDirective should create an instance" time="0.004" classname="DragDropFileUploadDirective"/>
  <testcase name="DragDropFileUploadDirective should change background on dragover" time="0.002" classname="DragDropFileUploadDirective"/>
  <testcase name="DragDropFileUploadDirective should emit fileDropped event on drop" time="0.002" classname="DragDropFileUploadDirective"/>
  <testcase name="ErrorComponent should create" time="0.015" classname="ErrorComponent"/>
  <testcase name="ErrorComponent should render error headline with translation" time="0.003" classname="ErrorComponent"/>
  <testcase name="ErrorComponent should render error message with translation" time="0.002" classname="ErrorComponent"/>
  <testcase name="ErrorComponent should render button with translation" time="0.001" classname="ErrorComponent"/>
  <testcase name="ErrorComponent should have proper CSS classes" time="0.001" classname="ErrorComponent"/>
  <testcase name="ErrorComponent should render SVG illustration" time="0.002" classname="ErrorComponent"/>
  <testcase name="ErrorComponent should have complete template structure" time="0.001" classname="ErrorComponent"/>
  <testcase name="DrawHelper GetDarkColor should return a darker color" time="0.001" classname="DrawHelper GetDarkColor"/>
  <testcase name="DrawHelper GetLightColor should return a lighter color" time="0" classname="DrawHelper GetLightColor"/>
  <testcase name="DrawHelper should throw an error if color or d is not provided" time="0" classname="DrawHelper"/>
  <testcase name="DrawHelper should throw an error if color or d is not provided" time="0" classname="DrawHelper"/>
  <testcase name="ModalService should be created" time="0.001" classname="ModalService"/>
  <testcase name="ModalService should emit openModelEvent when openModel is called" time="0" classname="ModalService"/>
  <testcase name="ModalService should emit resultEvent when result is called" time="0" classname="ModalService"/>
  <testcase name="ModalService should emit reasonEvent when reason is called" time="0" classname="ModalService"/>
  <testcase name="ModalService should set default values for Input modal" time="0" classname="ModalService"/>
  <testcase name="ModalService should set default values for Delete modal" time="0" classname="ModalService"/>
  <testcase name="ModalService should set default values for Message modal" time="0" classname="ModalService"/>
  <testcase name="NoAccessComponent should create" time="0.004" classname="NoAccessComponent"/>
  <testcase name="NoAccessComponent should have NavigationService injected" time="0.001" classname="NoAccessComponent"/>
  <testcase name="NoAccessComponent should have TranslateService injected" time="0.001" classname="NoAccessComponent"/>
  <testcase name="NoAccessComponent should call navigationService.navigateToRoot when onClick is called" time="0.001" classname="NoAccessComponent"/>
  <testcase name="NoAccessComponent should render lock icon SVG" time="0.002" classname="NoAccessComponent"/>
  <testcase name="NoAccessComponent should render no-access message with translation" time="0.001" classname="NoAccessComponent"/>
  <testcase name="NoAccessComponent should render button with translation and click handler" time="0.003" classname="NoAccessComponent"/>
  <testcase name="NoAccessComponent should call onClick when button is clicked" time="0.002" classname="NoAccessComponent"/>
  <testcase name="NoAccessComponent should have proper container CSS class" time="0.001" classname="NoAccessComponent"/>
  <testcase name="NoAccessComponent should have complete template structure" time="0.001" classname="NoAccessComponent"/>
  <testcase name="NoAccessComponent should have lock icon with proper path and styling" time="0.001" classname="NoAccessComponent"/>
  <testcase name="SearchStrategyService should be created" time="0.001" classname="SearchStrategyService"/>
  <testcase name="SearchStrategyService should call client strategy for CLIENT entity" time="0.001" classname="SearchStrategyService"/>
  <testcase name="SearchStrategyService should call group strategy for GROUP entity" time="0" classname="SearchStrategyService"/>
  <testcase name="SearchStrategyService should reset filter for current entity" time="0" classname="SearchStrategyService"/>
  <testcase name="SearchStrategyService should handle unknown entity gracefully" time="0.001" classname="SearchStrategyService"/>
  <testcase name="SearchStrategyService should allow adding and removing strategies" time="0" classname="SearchStrategyService"/>
  <testcase name="SearchComponent should create" time="0.007" classname="SearchComponent"/>
  <testcase name="SearchComponent should initialize with default values" time="0.002" classname="SearchComponent"/>
  <testcase name="SearchComponent should call globalSearch when onClickSearch is called" time="0.002" classname="SearchComponent"/>
  <testcase name="SearchComponent should reset filter when search input is cleared" time="0.001" classname="SearchComponent"/>
  <testcase name="SearchComponent should not reset filter when search input has value" time="0.001" classname="SearchComponent"/>
  <testcase name="SearchComponent should trigger search on HostListener search event" time="0.001" classname="SearchComponent"/>
  <testcase name="SearchComponent should handle focus change correctly" time="0.001" classname="SearchComponent"/>
  <testcase name="SearchComponent should restore search string when restoreSearch returns value" time="0.001" classname="SearchComponent"/>
  <testcase name="SearchComponent should render search input when showSearch returns true" time="0.003" classname="SearchComponent"/>
  <testcase name="SearchComponent should not render search when showSearch returns false" time="0.001" classname="SearchComponent"/>
  <testcase name="SearchComponent should render address checkbox when showIncludeAddress returns true" time="0.002" classname="SearchComponent"/>
  <testcase name="SearchComponent should render client checkbox when showIncludeClient returns true" time="0.002" classname="SearchComponent"/>
  <testcase name="SearchComponent should bind searchString to input value" time="0.002" classname="SearchComponent"/>
  <testcase name="TableResizeService setRowHeights should set default row height" time="0.001" classname="TableResizeService setRowHeights"/>
  <testcase name="TableResizeService setRowHeights should set both default and min row heights" time="0" classname="TableResizeService setRowHeights"/>
  <testcase name="TableResizeService setRowHeights should only set min height when default is undefined" time="0.001" classname="TableResizeService setRowHeights"/>
  <testcase name="TableResizeService calculateOptimalRowCount should calculate optimal row count with default values" time="0" classname="TableResizeService calculateOptimalRowCount"/>
  <testcase name="TableResizeService calculateOptimalRowCount should respect minimum items per page" time="0" classname="TableResizeService calculateOptimalRowCount"/>
  <testcase name="TableResizeService calculateOptimalRowCount should respect maxItems constraint" time="0.001" classname="TableResizeService calculateOptimalRowCount"/>
  <testcase name="TableResizeService calculateOptimalRowCount should use actual row heights when available" time="0" classname="TableResizeService calculateOptimalRowCount"/>
  <testcase name="TableResizeService calculateOptimalRowCount should use default height when no tbody rows exist" time="0" classname="TableResizeService calculateOptimalRowCount"/>
  <testcase name="TableResizeService calculateOptimalRowCount should handle height variations correctly" time="0.001" classname="TableResizeService calculateOptimalRowCount"/>
  <testcase name="TableResizeService localStorage integration should get saved row size from localStorage" time="0" classname="TableResizeService localStorage integration"/>
  <testcase name="TableResizeService localStorage integration should return null for invalid saved row size" time="0" classname="TableResizeService localStorage integration"/>
  <testcase name="TableResizeService localStorage integration should save row size to localStorage" time="0.001" classname="TableResizeService localStorage integration"/>
  <testcase name="TableResizeService auto mode detection should detect auto mode when value is -1" time="0" classname="TableResizeService auto mode detection"/>
  <testcase name="TableResizeService auto mode detection should detect auto mode when value is null" time="0" classname="TableResizeService auto mode detection"/>
  <testcase name="TableResizeService auto mode detection should not be auto mode for positive values" time="0" classname="TableResizeService auto mode detection"/>
  <testcase name="TableResizeService auto mode detection should check localStorage when no value provided" time="0.001" classname="TableResizeService auto mode detection"/>
  <testcase name="TableResizeService effective row size should return calculated optimal rows in auto mode" time="0" classname="TableResizeService effective row size"/>
  <testcase name="TableResizeService effective row size should return saved value when not in auto mode" time="0" classname="TableResizeService effective row size"/>
  <testcase name="TableResizeService effective row size should return calculated optimal when no saved value (auto mode)" time="0" classname="TableResizeService effective row size"/>
  <testcase name="TableResizeService resize observables should create window resize observable" time="0.159" classname="TableResizeService resize observables"/>
  <testcase name="TableResizeService resize observables should create table resize observable" time="0.001" classname="TableResizeService resize observables"/>
  <testcase name="TableResizeService resize observables should create combined resize observable" time="0.057" classname="TableResizeService resize observables"/>
  <testcase name="TableResizeService edge cases should handle element without table child" time="0.001" classname="TableResizeService edge cases"/>
  <testcase name="TableResizeService edge cases should handle custom row heights correctly" time="0" classname="TableResizeService edge cases"/>
  <testcase name="TableResizeService edge cases should handle zero or negative window height gracefully" time="0" classname="TableResizeService edge cases"/>
  <testcase name="SpinnerService should be created" time="0.001" classname="SpinnerService"/>
  <testcase name="FallbackPipe should create an instance" time="0" classname="FallbackPipe"/>
  <testcase name="FallbackPipe should return null if source is undefined" time="0" classname="FallbackPipe"/>
  <testcase name="FallbackPipe should return language-specific string if it exists" time="0" classname="FallbackPipe"/>
  <testcase name="FallbackPipe should return first non-null language string if requested language does not exist" time="0" classname="FallbackPipe"/>
  <testcase name="ClientContractService should be created" time="0" classname="ClientContractService"/>
  <testcase name="ClientContractService setDateStructs should transform fromDate to internalFromDate NgbDateStruct" time="0" classname="ClientContractService setDateStructs"/>
  <testcase name="ClientContractService setDateStructs should transform both fromDate and untilDate when untilDate is set" time="0.001" classname="ClientContractService setDateStructs"/>
  <testcase name="ClientContractService setDateStructs should handle multiple contracts" time="0" classname="ClientContractService setDateStructs"/>
  <testcase name="ClientContractService setDateStructs should handle empty array" time="0.001" classname="ClientContractService setDateStructs"/>
  <testcase name="ClientContractService addContract should add a new contract to client" time="0" classname="ClientContractService addContract"/>
  <testcase name="ClientContractService addContract should set fromDate to today" time="0.001" classname="ClientContractService addContract"/>
  <testcase name="ClientContractService addContract should set internalFromDate to NgbDateStruct of today" time="0" classname="ClientContractService addContract"/>
  <testcase name="ClientContractService addContract should preserve existing contracts when adding new one" time="0" classname="ClientContractService addContract"/>
  <testcase name="ClientContractService addContract should handle client without id" time="0.001" classname="ClientContractService addContract"/>
  <testcase name="ClientContractService removeContract should remove contract at specified index" time="0" classname="ClientContractService removeContract"/>
  <testcase name="ClientContractService removeContract should remove first contract when index is 0" time="0" classname="ClientContractService removeContract"/>
  <testcase name="ClientContractService removeContract should remove last contract when index is last" time="0.001" classname="ClientContractService removeContract"/>
  <testcase name="ClientContractService removeContract should handle removing from single contract array" time="0.001" classname="ClientContractService removeContract"/>
  <testcase name="ClientContractService removeContract should not modify array when index is out of bounds" time="0" classname="ClientContractService removeContract"/>
  <testcase name="ClientEditService should be created" time="0.002" classname="ClientEditService"/>
  <testcase name="ClientEditService isDirty should return false when editClient and editClientDummy are the same" time="0.001" classname="ClientEditService isDirty"/>
  <testcase name="ClientEditService isDirty should return true when editClient has changed" time="0.001" classname="ClientEditService isDirty"/>
  <testcase name="ClientEditService isDirty should return false when editClient is undefined" time="0.001" classname="ClientEditService isDirty"/>
  <testcase name="ClientEditService isValidNormalClient should return true for valid normal client" time="0.001" classname="ClientEditService isValidNormalClient"/>
  <testcase name="ClientEditService isValidNormalClient should return false when firstName is missing" time="0" classname="ClientEditService isValidNormalClient"/>
  <testcase name="ClientEditService isValidNormalClient should return false when name is missing" time="0.002" classname="ClientEditService isValidNormalClient"/>
  <testcase name="ClientEditService isValidNormalClient should return false when gender is invalid" time="0.002" classname="ClientEditService isValidNormalClient"/>
  <testcase name="ClientEditService isValidLegalEntity should return true for valid legal entity" time="0.002" classname="ClientEditService isValidLegalEntity"/>
  <testcase name="ClientEditService isValidLegalEntity should return false when company is missing" time="0.001" classname="ClientEditService isValidLegalEntity"/>
  <testcase name="ClientEditService isValidLegalEntity should return false when address is missing" time="0" classname="ClientEditService isValidLegalEntity"/>
  <testcase name="ClientEditService isValidContracts should return true when no contracts exist" time="0" classname="ClientEditService isValidContracts"/>
  <testcase name="ClientEditService isValidContracts should return true when contracts have valid dates" time="0.001" classname="ClientEditService isValidContracts"/>
  <testcase name="ClientEditService isValidContracts should return false when untilDate is before fromDate" time="0" classname="ClientEditService isValidContracts"/>
  <testcase name="ClientEditService isValidContracts should return true when untilDate is undefined" time="0.007" classname="ClientEditService isValidContracts"/>
  <testcase name="ClientEditService isValidGroupItems should return true when no group items exist" time="0.001" classname="ClientEditService isValidGroupItems"/>
  <testcase name="ClientEditService isValidGroupItems should return true when group items have valid dates" time="0.001" classname="ClientEditService isValidGroupItems"/>
  <testcase name="ClientEditService isValidGroupItems should return false when validUntil is before validFrom" time="0" classname="ClientEditService isValidGroupItems"/>
  <testcase name="ClientEditService isValidGroupItems should return true when validUntil is undefined" time="0.001" classname="ClientEditService isValidGroupItems"/>
  <testcase name="ClientEditService canSave should return false when client is not dirty" time="0.001" classname="ClientEditService canSave"/>
  <testcase name="ClientEditService canSave should return false when client is dirty but invalid" time="0" classname="ClientEditService canSave"/>
  <testcase name="ClientEditService canSave should return true when client is dirty and valid" time="0.001" classname="ClientEditService canSave"/>
  <testcase name="ClientEditService isValid should call isValidLegalEntity when client is legal entity" time="0" classname="ClientEditService isValid"/>
  <testcase name="ClientEditService isValid should call isValidNormalClient when client is not legal entity" time="0" classname="ClientEditService isValid"/>
  <testcase name="ClientEditService isValid should return false when client is undefined" time="0" classname="ClientEditService isValid"/>
  <testcase name="LLMChatComponent should create" time="0.017" classname="LLMChatComponent"/>
  <testcase name="LLMChatComponent should initialize with welcome message on ngOnInit" time="0.039" classname="LLMChatComponent"/>
  <testcase name="LLMChatComponent should load available models on init" time="0.017" classname="LLMChatComponent"/>
  <testcase name="LLMChatComponent should set current model on init" time="0.02" classname="LLMChatComponent"/>
  <testcase name="LLMChatComponent sendMessage should not send empty message" time="0.015" classname="LLMChatComponent sendMessage"/>
  <testcase name="LLMChatComponent sendMessage should send message and handle response" time="0.014" classname="LLMChatComponent sendMessage"/>
  <testcase name="LLMChatComponent sendMessage should handle error in sendMessage" time="0.013" classname="LLMChatComponent sendMessage"/>
  <testcase name="LLMChatComponent sendMessage should navigate when actionPerformed is true" time="0.014" classname="LLMChatComponent sendMessage"/>
  <testcase name="LLMChatComponent voice input should call speech service methods when starting voice input" time="0.017" classname="LLMChatComponent voice input"/>
  <testcase name="LLMChatComponent voice input should not start voice input when permission denied" time="0.011" classname="LLMChatComponent voice input"/>
  <testcase name="LLMChatComponent voice input should stop voice input" time="0.011" classname="LLMChatComponent voice input"/>
  <testcase name="LLMChatComponent model selection should toggle model dropdown" time="0.011" classname="LLMChatComponent model selection"/>
  <testcase name="LLMChatComponent model selection should select model" time="0.012" classname="LLMChatComponent model selection"/>
  <testcase name="LLMChatComponent model selection should get current model info" time="0.014" classname="LLMChatComponent model selection"/>
  <testcase name="LLMChatComponent suggestions and navigation should handle suggestion click" time="0.011" classname="LLMChatComponent suggestions and navigation"/>
  <testcase name="LLMChatComponent suggestions and navigation should handle navigate click" time="0.011" classname="LLMChatComponent suggestions and navigation"/>
  <testcase name="LLMChatComponent utility functions should format cost correctly" time="0.008" classname="LLMChatComponent utility functions"/>
  <testcase name="LLMChatComponent utility functions should format message content" time="0.01" classname="LLMChatComponent utility functions"/>
  <testcase name="LLMChatComponent utility functions should handle Enter key press" time="0.01" classname="LLMChatComponent utility functions"/>
  <testcase name="LLMChatComponent utility functions should not handle Enter key press with Shift" time="0.009" classname="LLMChatComponent utility functions"/>
  <testcase name="LLMChatComponent clearChat should clear chat and reset conversation" time="0.012" classname="LLMChatComponent clearChat"/>
  <testcase name="LoginComponent should create" time="0.009" classname="LoginComponent"/>
  <testcase name="LoginComponent should initialize with default values" time="0.002" classname="LoginComponent"/>
  <testcase name="LoginComponent should set default language on ngOnInit" time="0.001" classname="LoginComponent"/>
  <testcase name="LoginComponent should use saved language if available" time="0.001" classname="LoginComponent"/>
  <testcase name="LoginComponent should check token validity on ngAfterViewInit" time="0.002" classname="LoginComponent"/>
  <testcase name="LoginComponent should handle successful login" time="0.001" classname="LoginComponent"/>
  <testcase name="LoginComponent should handle failed login" time="0.001" classname="LoginComponent"/>
  <testcase name="LoginComponent should set isClicked to true during login process" time="0.001" classname="LoginComponent"/>
  <testcase name="DeletewindowComponent should create" time="0.008" classname="DeletewindowComponent"/>
  <testcase name="DeletewindowComponent should have default title" time="0.004" classname="DeletewindowComponent"/>
  <testcase name="DeletewindowComponent should have empty default message" time="0.002" classname="DeletewindowComponent"/>
  <testcase name="DeletewindowComponent should accept custom title input" time="0.003" classname="DeletewindowComponent"/>
  <testcase name="DeletewindowComponent should accept custom message input" time="0.002" classname="DeletewindowComponent"/>
  <testcase name="DeletewindowComponent should display attention icon" time="0.003" classname="DeletewindowComponent"/>
  <testcase name="DeletewindowComponent should have proper CSS classes" time="0.006" classname="DeletewindowComponent"/>
  <testcase name="DeletewindowComponent should render template correctly with inputs" time="0.003" classname="DeletewindowComponent"/>
  <testcase name="MessageWindowComponent should create" time="0.003" classname="MessageWindowComponent"/>
  <testcase name="MessageWindowComponent should have default values" time="0.001" classname="MessageWindowComponent"/>
  <testcase name="MessageWindowComponent should translate title on ngOnInit" time="0.001" classname="MessageWindowComponent"/>
  <testcase name="MessageWindowComponent should accept custom title input" time="0" classname="MessageWindowComponent"/>
  <testcase name="MessageWindowComponent should accept custom message input" time="0" classname="MessageWindowComponent"/>
  <testcase name="MessageWindowComponent should display question mark icon" time="0.001" classname="MessageWindowComponent"/>
  <testcase name="MessageWindowComponent should have proper CSS classes" time="0.001" classname="MessageWindowComponent"/>
  <testcase name="MessageWindowComponent should render template correctly with inputs" time="0.001" classname="MessageWindowComponent"/>
  <testcase name="MessageWindowComponent should update title after translation in ngOnInit even with initial custom title" time="0.001" classname="MessageWindowComponent"/>
  <testcase name="ModalComponent should create" time="0.005" classname="ModalComponent"/>
  <testcase name="AbsenceSearchStrategy should be created" time="0" classname="AbsenceSearchStrategy"/>
  <testcase name="AbsenceSearchStrategy should return correct entity name" time="0.001" classname="AbsenceSearchStrategy"/>
  <testcase name="AbsenceSearchStrategy should search with correct parameters" time="0" classname="AbsenceSearchStrategy"/>
  <testcase name="AbsenceSearchStrategy should reset filter correctly" time="0" classname="AbsenceSearchStrategy"/>
  <testcase name="ClientSearchStrategy should be created" time="0.001" classname="ClientSearchStrategy"/>
  <testcase name="ClientSearchStrategy should return correct entity name" time="0" classname="ClientSearchStrategy"/>
  <testcase name="ClientSearchStrategy should search with correct parameters" time="0.001" classname="ClientSearchStrategy"/>
  <testcase name="ClientSearchStrategy should search with default options" time="0" classname="ClientSearchStrategy"/>
  <testcase name="ClientSearchStrategy should reset filter correctly" time="0" classname="ClientSearchStrategy"/>
  <testcase name="GroupSearchStrategy should be created" time="0" classname="GroupSearchStrategy"/>
  <testcase name="GroupSearchStrategy should return correct entity name" time="0" classname="GroupSearchStrategy"/>
  <testcase name="GroupSearchStrategy should search with correct parameters" time="0.001" classname="GroupSearchStrategy"/>
  <testcase name="GroupSearchStrategy should reset filter correctly" time="0" classname="GroupSearchStrategy"/>
  <testcase name="ScheduleSearchStrategy should be created" time="0" classname="ScheduleSearchStrategy"/>
  <testcase name="ScheduleSearchStrategy should return correct entity name" time="0" classname="ScheduleSearchStrategy"/>
  <testcase name="ScheduleSearchStrategy should search with correct parameters" time="0.001" classname="ScheduleSearchStrategy"/>
  <testcase name="ScheduleSearchStrategy should reset filter correctly" time="0.001" classname="ScheduleSearchStrategy"/>
  <testcase name="ShiftSearchStrategy should be created" time="0.001" classname="ShiftSearchStrategy"/>
  <testcase name="ShiftSearchStrategy should return correct entity name" time="0" classname="ShiftSearchStrategy"/>
  <testcase name="ShiftSearchStrategy should search with correct parameters" time="0" classname="ShiftSearchStrategy"/>
  <testcase name="ShiftSearchStrategy should search with default options" time="0.001" classname="ShiftSearchStrategy"/>
  <testcase name="ShiftSearchStrategy should reset filter correctly" time="0" classname="ShiftSearchStrategy"/>
  <testcase name="SpinnerWrapperComponent should create" time="0.002" classname="SpinnerWrapperComponent"/>
  <testcase name="SpinnerWrapperComponent should not show spinner when showProgressSpinner is false" time="0" classname="SpinnerWrapperComponent"/>
  <testcase name="SpinnerWrapperComponent should show spinner when showProgressSpinner is true" time="0.001" classname="SpinnerWrapperComponent"/>
  <testcase name="ButtonExcelComponent should create" time="0.006" classname="ButtonExcelComponent"/>
  <testcase name="ButtonExcelComponent should have default buttonDisabled value as false" time="0.001" classname="ButtonExcelComponent"/>
  <testcase name="ButtonExcelComponent should accept buttonDisabled input" time="0" classname="ButtonExcelComponent"/>
  <testcase name="ButtonExcelComponent should apply ownStyle-button class when buttonDisabled is false" time="0.002" classname="ButtonExcelComponent"/>
  <testcase name="ButtonExcelComponent should apply ownStyle-button-disabled class when buttonDisabled is true" time="0.001" classname="ButtonExcelComponent"/>
  <testcase name="ButtonExcelComponent should have proper button structure" time="0.001" classname="ButtonExcelComponent"/>
  <testcase name="ButtonExcelComponent should render Excel icon" time="0.001" classname="ButtonExcelComponent"/>
  <testcase name="ButtonExcelComponent should have proper styling structure" time="0.001" classname="ButtonExcelComponent"/>
  <testcase name="ButtonExcelComponent should toggle CSS classes when buttonDisabled changes" time="0" classname="ButtonExcelComponent"/>
  <testcase name="ButtonNewComponent should create" time="0.001" classname="ButtonNewComponent"/>
  <testcase name="ButtonNewComponent should render button with correct classes" time="0.001" classname="ButtonNewComponent"/>
  <testcase name="ButtonNewComponent should have correct button role" time="0.001" classname="ButtonNewComponent"/>
  <testcase name="ButtonNewComponent should render SVG icon" time="0" classname="ButtonNewComponent"/>
  <testcase name="ButtonNewComponent should have correct SVG rects" time="0.001" classname="ButtonNewComponent"/>
  <testcase name="ButtonNewComponent should have proper styling structure" time="0" classname="ButtonNewComponent"/>
  <testcase name="ButtonNewComponent should have correct SVG attributes" time="0.001" classname="ButtonNewComponent"/>
  <testcase name="ButtonNewComponent should have complete template structure" time="0" classname="ButtonNewComponent"/>
  <testcase name="ButtonPdfComponent should create" time="0.003" classname="ButtonPdfComponent"/>
  <testcase name="ButtonPdfComponent should have default buttonDisabled value as false" time="0.001" classname="ButtonPdfComponent"/>
  <testcase name="ButtonPdfComponent should accept buttonDisabled input" time="0.001" classname="ButtonPdfComponent"/>
  <testcase name="ButtonPdfComponent should apply ownStyle-button class when buttonDisabled is false" time="0.001" classname="ButtonPdfComponent"/>
  <testcase name="ButtonPdfComponent should apply ownStyle-button-disabled class when buttonDisabled is true" time="0.001" classname="ButtonPdfComponent"/>
  <testcase name="ButtonPdfComponent should have proper button structure" time="0" classname="ButtonPdfComponent"/>
  <testcase name="ButtonPdfComponent should render PDF icon" time="0.001" classname="ButtonPdfComponent"/>
  <testcase name="ButtonPdfComponent should have proper styling structure" time="0.001" classname="ButtonPdfComponent"/>
  <testcase name="ButtonPdfComponent should toggle CSS classes when buttonDisabled changes" time="0" classname="ButtonPdfComponent"/>
  <testcase name="ButtonSettingComponent should create" time="0.004" classname="ButtonSettingComponent"/>
  <testcase name="ButtonSettingComponent should have default buttonDisabled value as false" time="0" classname="ButtonSettingComponent"/>
  <testcase name="ButtonSettingComponent should accept buttonDisabled input" time="0.001" classname="ButtonSettingComponent"/>
  <testcase name="ButtonSettingComponent should apply ownStyle-button class when buttonDisabled is false" time="0" classname="ButtonSettingComponent"/>
  <testcase name="ButtonSettingComponent should apply ownStyle-button-disabled class when buttonDisabled is true" time="0" classname="ButtonSettingComponent"/>
  <testcase name="ButtonSettingComponent should have proper button structure" time="0.001" classname="ButtonSettingComponent"/>
  <testcase name="ButtonSettingComponent should render other icon" time="0" classname="ButtonSettingComponent"/>
  <testcase name="ButtonSettingComponent should have proper icon container structure" time="0.001" classname="ButtonSettingComponent"/>
  <testcase name="ButtonSettingComponent should toggle CSS classes when buttonDisabled changes" time="0.001" classname="ButtonSettingComponent"/>
  <testcase name="ButtonSettingComponent should have complete template structure" time="0" classname="ButtonSettingComponent"/>
  <testcase name="CalendarDropdownComponent should create" time="0.017" classname="CalendarDropdownComponent"/>
  <testcase name="CalendarDropdownComponent should emit an event when onOpenChange is called" time="0.003" classname="CalendarDropdownComponent"/>
  <testcase name="CalendarDropdownComponent should call correct service method when onSelectStates is called" time="0.002" classname="CalendarDropdownComponent"/>
  <testcase name="CalendarDropdownComponent should emit an event when onChangeStateSelection is called" time="0.002" classname="CalendarDropdownComponent"/>
  <testcase name="CalendarSelectorComponent should create" time="0.007" classname="CalendarSelectorComponent"/>
  <testcase name="CalendarSelectorComponent should have default property values" time="0.002" classname="CalendarSelectorComponent"/>
  <testcase name="CalendarSelectorComponent should initialize calendar rules service on ngOnInit" time="0.003" classname="CalendarSelectorComponent"/>
  <testcase name="CalendarSelectorComponent should read data on ngAfterViewInit" time="0.002" classname="CalendarSelectorComponent"/>
  <testcase name="CalendarSelectorComponent should compare calendars correctly" time="0.002" classname="CalendarSelectorComponent"/>
  <testcase name="CalendarSelectorComponent should emit changeEvent when onChangeFilter is called" time="0.002" classname="CalendarSelectorComponent"/>
  <testcase name="CalendarSelectorComponent should get chip display name correctly" time="0.001" classname="CalendarSelectorComponent"/>
  <testcase name="CalendarSelectorComponent should get chip key correctly" time="0.002" classname="CalendarSelectorComponent"/>
  <testcase name="CalendarSelectorComponent should track chips by key" time="0.003" classname="CalendarSelectorComponent"/>
  <testcase name="CalendarSelectorComponent should determine if add button should be enabled" time="0.002" classname="CalendarSelectorComponent"/>
  <testcase name="CalendarSelectorComponent should determine if calendar selections are valid" time="0.002" classname="CalendarSelectorComponent"/>
  <testcase name="CalendarSelectorComponent should determine if chips exist" time="0.002" classname="CalendarSelectorComponent"/>
  <testcase name="CalendarSelectorComponent should open modal with correct type" time="0.002" classname="CalendarSelectorComponent"/>
  <testcase name="CalendarSelectorComponent should emit openMenu when onIsClosing without dirty filter" time="0.002" classname="CalendarSelectorComponent"/>
  <testcase name="CalendarSelectorComponent should call changeEvent emit when onChangeFilter with checkIfDirty" time="0.001" classname="CalendarSelectorComponent"/>
  <testcase name="CalendarSelectorComponent should handle onDeleteChip correctly" time="0.002" classname="CalendarSelectorComponent"/>
  <testcase name="CalendarSelectorComponent should clean up subscriptions on destroy" time="0.002" classname="CalendarSelectorComponent"/>
  <testcase name="ChipsComponent should create" time="0.001" classname="ChipsComponent"/>
  <testcase name="ChipsComponent should have default values" time="0" classname="ChipsComponent"/>
  <testcase name="ChipsComponent should accept name input" time="0.001" classname="ChipsComponent"/>
  <testcase name="ChipsComponent should accept key input" time="0.001" classname="ChipsComponent"/>
  <testcase name="ChipsComponent should display name in span element" time="0" classname="ChipsComponent"/>
  <testcase name="ChipsComponent should emit delete event with key when onDelete is called" time="0.001" classname="ChipsComponent"/>
  <testcase name="ChipsComponent should call onDelete when delete button is clicked" time="0.001" classname="ChipsComponent"/>
  <testcase name="ChipsComponent should render delete button with correct attributes" time="0" classname="ChipsComponent"/>
  <testcase name="ChipsComponent should have proper CSS classes" time="0" classname="ChipsComponent"/>
  <testcase name="ChipsComponent should have proper span classes" time="0.001" classname="ChipsComponent"/>
  <testcase name="ChipsComponent should have complete template structure" time="0" classname="ChipsComponent"/>
  <testcase name="ChipsComponent should emit correct key when delete is triggered" time="0.001" classname="ChipsComponent"/>
  <testcase name="ChipsComponent should update displayed name when name input changes" time="0.001" classname="ChipsComponent"/>
  <testcase name="CounterComponent should create" time="0.003" classname="CounterComponent"/>
  <testcase name="CounterComponent should have default property values" time="0.001" classname="CounterComponent"/>
  <testcase name="CounterComponent should accept maxNumber input" time="0.001" classname="CounterComponent"/>
  <testcase name="CounterComponent should accept currentNumber input" time="0.001" classname="CounterComponent"/>
  <testcase name="CounterComponent should display current number in template" time="0.001" classname="CounterComponent"/>
  <testcase name="CounterComponent should increment current number when clicking right button" time="0.001" classname="CounterComponent"/>
  <testcase name="CounterComponent should decrement current number when clicking left button" time="0.001" classname="CounterComponent"/>
  <testcase name="CounterComponent should not decrement below 1" time="0" classname="CounterComponent"/>
  <testcase name="CounterComponent should not increment above maxNumber" time="0.001" classname="CounterComponent"/>
  <testcase name="CounterComponent should use default maxNumber when undefined" time="0.001" classname="CounterComponent"/>
  <testcase name="CounterComponent should handle zero change value" time="0.001" classname="CounterComponent"/>
  <testcase name="CounterComponent should render left arrow button" time="0" classname="CounterComponent"/>
  <testcase name="CounterComponent should render right arrow button" time="0.001" classname="CounterComponent"/>
  <testcase name="CounterComponent should call onClickPaginationButton when left button is clicked" time="0.002" classname="CounterComponent"/>
  <testcase name="CounterComponent should call onClickPaginationButton when right button is clicked" time="0.001" classname="CounterComponent"/>
  <testcase name="CounterComponent should emit change event with current number" time="0.001" classname="CounterComponent"/>
  <testcase name="CounterComponent should handle large increment values" time="0.001" classname="CounterComponent"/>
  <testcase name="CounterComponent should handle large decrement values" time="0.002" classname="CounterComponent"/>
  <testcase name="CounterComponent should have proper container CSS class" time="0.002" classname="CounterComponent"/>
  <testcase name="CounterComponent should display updated number after multiple clicks" time="0.001" classname="CounterComponent"/>
  <testcase name="ContextMenuComponent should create" time="0.013" classname="ContextMenuComponent"/>
  <testcase name="ContextMenuComponent should have default menuData" time="0.001" classname="ContextMenuComponent"/>
  <testcase name="ContextMenuComponent should initialize with default rightPanelStyle" time="0" classname="ContextMenuComponent"/>
  <testcase name="ContextMenuComponent should emit hasClicked when service emits" time="0.001" classname="ContextMenuComponent"/>
  <testcase name="ContextMenuComponent should set rightPanelStyle to contents when openMenu is called" time="0.001" classname="ContextMenuComponent"/>
  <testcase name="ContextMenuComponent should call main.openMenu with correct coordinates when openMenu is called" time="0.001" classname="ContextMenuComponent"/>
  <testcase name="ContextMenuComponent should close menu immediately when force is true" time="0" classname="ContextMenuComponent"/>
  <testcase name="ContextMenuComponent should set timer to close menu when force is false" time="1.109" classname="ContextMenuComponent"/>
  <testcase name="ContextMenuComponent should prevent default and stop propagation in stopEvent" time="0.004" classname="ContextMenuComponent"/>
  <testcase name="ContextMenuComponent should handle stopEvent when methods are undefined" time="0.001" classname="ContextMenuComponent"/>
  <testcase name="ContextMenuComponent should render context menu div with correct attributes" time="0.004" classname="ContextMenuComponent"/>
  <testcase name="ContextMenuComponent should render app-menu component" time="0.002" classname="ContextMenuComponent"/>
  <testcase name="ContextMenuComponent should properly clean up subscriptions on destroy" time="0.001" classname="ContextMenuComponent"/>
  <testcase name="ContextMenuComponent should accept menuData input" time="0.002" classname="ContextMenuComponent"/>
  <testcase name="MenuService should be created" time="0.001" classname="MenuService"/>
  <testcase name="DateInputComponent should create" time="0.01" classname="DateInputComponent"/>
  <testcase name="DateInputComponent should have default values" time="0.003" classname="DateInputComponent"/>
  <testcase name="DateInputComponent should initialize with null value" time="0.002" classname="DateInputComponent"/>
  <testcase name="DateInputComponent should emit valueChange and dateChange when updateValue is called" time="0.002" classname="DateInputComponent"/>
  <testcase name="DateInputComponent should handle date change with valid date" time="0.002" classname="DateInputComponent"/>
  <testcase name="DateInputComponent should handle date change with null" time="0.002" classname="DateInputComponent"/>
  <testcase name="DateInputComponent should handle date change with undefined" time="0.003" classname="DateInputComponent"/>
  <testcase name="DateInputComponent should accept NgbDateStruct value" time="0.003" classname="DateInputComponent"/>
  <testcase name="DateInputComponent should accept null value" time="0.002" classname="DateInputComponent"/>
  <testcase name="DateInputComponent should accept undefined value" time="0.002" classname="DateInputComponent"/>
  <testcase name="DateInputComponent should display label when showLabel is true" time="0.002" classname="DateInputComponent"/>
  <testcase name="DateInputComponent should not display label when showLabel is false" time="0.002" classname="DateInputComponent"/>
  <testcase name="DateInputComponent should set label alignment style" time="0.002" classname="DateInputComponent"/>
  <testcase name="DateInputComponent should set correct input properties" time="0.003" classname="DateInputComponent"/>
  <testcase name="DateInputComponent should accept and store inputName property" time="0.002" classname="DateInputComponent"/>
  <testcase name="DateInputComponent should disable input when disabled is true" time="0.002" classname="DateInputComponent"/>
  <testcase name="DateInputComponent should enable input when disabled is false" time="0.002" classname="DateInputComponent"/>
  <testcase name="DateInputComponent should have correct input width class" time="0.002" classname="DateInputComponent"/>
  <testcase name="DateInputComponent should display calendar icon" time="0.001" classname="DateInputComponent"/>
  <testcase name="DateInputComponent should handle multiple date changes correctly" time="0.002" classname="DateInputComponent"/>
  <testcase name="DateInputComponent should maintain container structure" time="0.003" classname="DateInputComponent"/>
  <testcase name="DateInputComponent should set container alignment based on labelAlign" time="0.002" classname="DateInputComponent"/>
  <testcase name="DateInputComponent should handle edge case dates correctly" time="0.002" classname="DateInputComponent"/>
  <testcase name="HScrollbarComponent should create" time="0.006" classname="HScrollbarComponent"/>
  <testcase name="HScrollbarComponent should initialize with default values" time="0.001" classname="HScrollbarComponent"/>
  <testcase name="HScrollbarComponent should clamp value within valid range" time="0.002" classname="HScrollbarComponent"/>
  <testcase name="HScrollbarComponent should emit valueChange when value changes" time="0.003" classname="HScrollbarComponent"/>
  <testcase name="HScrollbarComponent should update metrics on refresh" time="0.003" classname="HScrollbarComponent"/>
  <testcase name="HScrollbarComponent should correctly calculate X position for the thumb" time="0.002" classname="HScrollbarComponent"/>
  <testcase name="HScrollbarComponent should handle canvas width constraint in calculateXPosition" time="0.001" classname="HScrollbarComponent"/>
  <testcase name="HScrollbarComponent should disable arrow buttons at boundaries" time="0.001" classname="HScrollbarComponent"/>
  <testcase name="HScrollbarComponent should initialize safe SVG content" time="0.001" classname="HScrollbarComponent"/>
  <testcase name="HScrollbarComponent should handle isAtStart correctly" time="0.002" classname="HScrollbarComponent"/>
  <testcase name="HScrollbarComponent should handle isAtEnd correctly" time="0.001" classname="HScrollbarComponent"/>
  <testcase name="PaginationComponent component initialization should create" time="0.007" classname="PaginationComponent component initialization"/>
  <testcase name="PaginationComponent component initialization should initialize with default values" time="0.009" classname="PaginationComponent component initialization"/>
  <testcase name="PaginationComponent component initialization should initialize visibleRow options" time="0.001" classname="PaginationComponent component initialization"/>
  <testcase name="PaginationComponent ngOnInit should load saved row size from localStorage" time="0.001" classname="PaginationComponent ngOnInit"/>
  <testcase name="PaginationComponent ngOnInit should handle auto mode (-1) from localStorage" time="0.001" classname="PaginationComponent ngOnInit"/>
  <testcase name="PaginationComponent ngOnInit should set default when no saved value exists" time="0.001" classname="PaginationComponent ngOnInit"/>
  <testcase name="PaginationComponent ngOnInit should set default when numberOfItemsPerPage is 0" time="0.001" classname="PaginationComponent ngOnInit"/>
  <testcase name="PaginationComponent ngOnInit should emit numberOfItemsPerPageChange for fixed values" time="0.001" classname="PaginationComponent ngOnInit"/>
  <testcase name="PaginationComponent page change handling should handle next page navigation" time="0.001" classname="PaginationComponent page change handling"/>
  <testcase name="PaginationComponent page change handling should handle previous page navigation" time="0.001" classname="PaginationComponent page change handling"/>
  <testcase name="PaginationComponent page change handling should handle random page navigation" time="0.001" classname="PaginationComponent page change handling"/>
  <testcase name="PaginationComponent page change handling should emit pageChange event" time="0.001" classname="PaginationComponent page change handling"/>
  <testcase name="PaginationComponent page change handling should store items per page for current page" time="0.001" classname="PaginationComponent page change handling"/>
  <testcase name="PaginationComponent row size change handling should change to fixed row size" time="0.002" classname="PaginationComponent row size change handling"/>
  <testcase name="PaginationComponent row size change handling should change to auto mode (-1)" time="0.001" classname="PaginationComponent row size change handling"/>
  <testcase name="PaginationComponent row size change handling should not emit numberOfItemsPerPageChange for auto mode" time="0.002" classname="PaginationComponent row size change handling"/>
  <testcase name="PaginationComponent template rendering should render row selector when showRowSelector is true" time="0.01" classname="PaginationComponent template rendering"/>
  <testcase name="PaginationComponent template rendering should not render row selector when showRowSelector is false" time="0.006" classname="PaginationComponent template rendering"/>
  <testcase name="PaginationComponent template rendering should render pagination component" time="0.003" classname="PaginationComponent template rendering"/>
  <testcase name="PaginationComponent template rendering should render all row size options" time="0.003" classname="PaginationComponent template rendering"/>
  <testcase name="PaginationComponent template rendering should display correct max items count" time="0.003" classname="PaginationComponent template rendering"/>
  <testcase name="PaginationComponent template rendering should bind pagination properties correctly" time="0.002" classname="PaginationComponent template rendering"/>
  <testcase name="PaginationComponent event handling in template should call onPageChange when pagination page changes" time="0.003" classname="PaginationComponent event handling in template"/>
  <testcase name="PaginationComponent event handling in template should call onChangeRowSize when select changes" time="0.004" classname="PaginationComponent event handling in template"/>
  <testcase name="PaginationComponent data service integration should handle undefined data service gracefully" time="0.004" classname="PaginationComponent data service integration"/>
  <testcase name="PaginationComponent data service integration should update when data service values change" time="0.003" classname="PaginationComponent data service integration"/>
  <testcase name="PaginationComponent edge cases should handle invalid localStorage values" time="0.001" classname="PaginationComponent edge cases"/>
  <testcase name="PaginationComponent edge cases should handle undefined event in onChangeRowSize" time="0.001" classname="PaginationComponent edge cases"/>
  <testcase name="PaginationComponent edge cases should handle string numbers in onChangeRowSize" time="0.001" classname="PaginationComponent edge cases"/>
  <testcase name="PaginationComponent edge cases should reset pagination state on page change" time="0.001" classname="PaginationComponent edge cases"/>
  <testcase name="PaginationComponent input/output properties should accept page input" time="0.001" classname="PaginationComponent input/output properties"/>
  <testcase name="PaginationComponent input/output properties should accept numberOfItemsPerPage input" time="0.001" classname="PaginationComponent input/output properties"/>
  <testcase name="PaginationComponent input/output properties should accept maxSize input" time="0.001" classname="PaginationComponent input/output properties"/>
  <testcase name="PaginationComponent input/output properties should accept showRowSelector input" time="0.001" classname="PaginationComponent input/output properties"/>
  <testcase name="PaginationComponent input/output properties should have working output events" time="0.001" classname="PaginationComponent input/output properties"/>
  <testcase name="SimpleGroupSelectComponent should create" time="0.015" classname="SimpleGroupSelectComponent"/>
  <testcase name="SimpleGroupSelectComponent should have default property values" time="0.002" classname="SimpleGroupSelectComponent"/>
[...]
  <testcase name="CutShiftListComponent - Time Cut Logic Cut Time Logic Tests Test 53: Airport early shift (04:00-12:00) cut at 08:00 → 4h + 4h = 8h" time="0.003" classname="CutShiftListComponent - Time Cut Logic Cut Time Logic Tests"/>
  <testcase name="CutShiftListComponent - Time Cut Logic Cut Time Logic Tests Test 54: Airport late shift (16:00-00:30) cut at 20:00 → 4h + 4.5h = 8.5h" time="0.004" classname="CutShiftListComponent - Time Cut Logic Cut Time Logic Tests"/>
  <testcase name="CutShiftListComponent - Time Cut Logic Cut Time Logic Tests Test 55: Retail opening shift (07:30-15:30) cut at 11:30 → 4h + 4h = 8h" time="0.002" classname="CutShiftListComponent - Time Cut Logic Cut Time Logic Tests"/>
  <testcase name="CutShiftListComponent - Time Cut Logic Cut Time Logic Tests Test 56: Retail closing shift (13:30-21:30) cut at 17:30 → 4h + 4h = 8h" time="0.002" classname="CutShiftListComponent - Time Cut Logic Cut Time Logic Tests"/>
  <testcase name="CutShiftListComponent - Time Cut Logic Cut Time Logic Tests Test 57: Manufacturing rotating shift A (05:00-13:00) cut at 09:00 → 4h + 4h = 8h" time="0.002" classname="CutShiftListComponent - Time Cut Logic Cut Time Logic Tests"/>
  <testcase name="CutShiftListComponent - Time Cut Logic Cut Time Logic Tests Test 58: Manufacturing rotating shift B (13:00-21:00) cut at 17:00 → 4h + 4h = 8h" time="0.001" classname="CutShiftListComponent - Time Cut Logic Cut Time Logic Tests"/>
  <testcase name="CutShiftListComponent - Time Cut Logic Cut Time Logic Tests Test 59: Manufacturing rotating shift C (21:00-05:00) cut at 01:00 → 4h + 4h = 8h" time="0.005" classname="CutShiftListComponent - Time Cut Logic Cut Time Logic Tests"/>
  <testcase name="CutShiftListComponent - Time Cut Logic Cut Time Logic Tests Test 60: Hotel reception day (08:00-16:00) cut at 12:00 → 4h + 4h = 8h" time="0.003" classname="CutShiftListComponent - Time Cut Logic Cut Time Logic Tests"/>
  <testcase name="CutShiftListComponent - Time Cut Logic Cut Time Logic Tests Test 61: Hotel reception evening (16:00-00:00) cut at 20:00 → 4h + 4h = 8h" time="0.002" classname="CutShiftListComponent - Time Cut Logic Cut Time Logic Tests"/>
  <testcase name="CutShiftListComponent - Time Cut Logic Cut Time Logic Tests Test 62: Hotel reception night (00:00-08:00) cut at 04:00 → 4h + 4h = 8h" time="0.001" classname="CutShiftListComponent - Time Cut Logic Cut Time Logic Tests"/>
  <testcase name="CutShiftListComponent - Time Cut Logic Cut Time Logic Tests Test 63: Bakery early morning (03:00-11:00) cut at 07:00 → 4h + 4h = 8h" time="0.002" classname="CutShiftListComponent - Time Cut Logic Cut Time Logic Tests"/>
  <testcase name="CutShiftListComponent - Time Cut Logic Cut Time Logic Tests Test 64: Bakery overnight prep (22:00-06:00) cut at 02:00 → 4h + 4h = 8h" time="0.002" classname="CutShiftListComponent - Time Cut Logic Cut Time Logic Tests"/>
  <testcase name="CutShiftListComponent - Time Cut Logic Cut Time Logic Tests Test 65: Call center late shift (15:00-23:00) cut at 19:00 → 4h + 4h = 8h" time="0.003" classname="CutShiftListComponent - Time Cut Logic Cut Time Logic Tests"/>
  <testcase name="CutShiftListComponent - Time Cut Logic Cut Time Logic Tests Test 66: Call center overnight (23:00-07:00) cut at 03:00 → 4h + 4h = 8h" time="0.004" classname="CutShiftListComponent - Time Cut Logic Cut Time Logic Tests"/>
  <testcase name="CutShiftListComponent - Time Cut Logic Cut Time Logic Tests Test 67: Emergency services 24h (06:00-06:00) cut at 18:00 → 12h + 12h = 24h" time="0.002" classname="CutShiftListComponent - Time Cut Logic Cut Time Logic Tests"/>
  <testcase name="CutShiftListComponent - Time Cut Logic Cut Time Logic Tests Test 68: Already over midnight 24h (18:00-06:00) cut at 00:00 → 6h + 6h = 12h" time="0.003" classname="CutShiftListComponent - Time Cut Logic Cut Time Logic Tests"/>
  <testcase name="CutShiftListComponent - Time Cut Logic Cut Time Logic Tests Test 69: Warehouse morning (05:30-13:30) cut at 09:30 → 4h + 4h = 8h" time="0.002" classname="CutShiftListComponent - Time Cut Logic Cut Time Logic Tests"/>
  <testcase name="CutShiftListComponent - Time Cut Logic Cut Time Logic Tests Test 70: Warehouse evening (13:30-21:30) cut at 17:30 → 4h + 4h = 8h" time="0.001" classname="CutShiftListComponent - Time Cut Logic Cut Time Logic Tests"/>
  <testcase name="CutShiftListComponent - Time Cut Logic Cut Time Logic Tests Test 71: Warehouse night (21:30-05:30) cut at 01:30 → 4h + 4h = 8h" time="0.004" classname="CutShiftListComponent - Time Cut Logic Cut Time Logic Tests"/>
  <testcase name="CutShiftListComponent - Time Cut Logic Cut Time Logic Tests Test 72: Transport driver day (06:00-14:00) cut at 10:00 → 4h + 4h = 8h" time="0.003" classname="CutShiftListComponent - Time Cut Logic Cut Time Logic Tests"/>
  <testcase name="CutShiftListComponent - Time Cut Logic Cut Time Logic Tests Test 73: Transport driver evening (14:00-22:00) cut at 18:00 → 4h + 4h = 8h" time="0.003" classname="CutShiftListComponent - Time Cut Logic Cut Time Logic Tests"/>
  <testcase name="CutShiftListComponent - Time Cut Logic Cut Time Logic Tests Test 74: Transport driver night (22:00-06:00) cut at 02:00 → 4h + 4h = 8h" time="0.002" classname="CutShiftListComponent - Time Cut Logic Cut Time Logic Tests"/>
  <testcase name="CutShiftListComponent - Time Cut Logic Cut Time Logic Tests Test 75: Office standard (09:00-17:00) cut at 13:00 → 4h + 4h = 8h" time="0.002" classname="CutShiftListComponent - Time Cut Logic Cut Time Logic Tests"/>
  <testcase name="CutShiftListComponent - Time Cut Logic Cut Time Logic Tests Test 76: Office flex early (07:00-15:00) cut at 11:00 → 4h + 4h = 8h" time="0.003" classname="CutShiftListComponent - Time Cut Logic Cut Time Logic Tests"/>
  <testcase name="CutShiftListComponent - Time Cut Logic Cut Time Logic Tests Test 77: Office flex late (11:00-19:00) cut at 15:00 → 4h + 4h = 8h" time="0.003" classname="CutShiftListComponent - Time Cut Logic Cut Time Logic Tests"/>
  <testcase name="CutShiftListComponent - Time Cut Logic Cut Time Logic Tests Test 78: Cinema matinee (10:00-18:00) cut at 14:00 → 4h + 4h = 8h" time="0.002" classname="CutShiftListComponent - Time Cut Logic Cut Time Logic Tests"/>
  <testcase name="CutShiftListComponent - Time Cut Logic Cut Time Logic Tests Test 79: Cinema evening (16:00-00:30) cut at 20:00 → 4h + 4.5h = 8.5h" time="0.002" classname="CutShiftListComponent - Time Cut Logic Cut Time Logic Tests"/>
  <testcase name="CutShiftListComponent - Time Cut Logic Cut Time Logic Tests Test 80: Bar afternoon (16:00-00:00) cut at 20:00 → 4h + 4h = 8h" time="0.002" classname="CutShiftListComponent - Time Cut Logic Cut Time Logic Tests"/>
  <testcase name="CutShiftListComponent - Time Cut Logic Cut Time Logic Tests Test 81: Bar late night (20:00-04:00) cut at 00:00 → 4h + 4h = 8h" time="0.003" classname="CutShiftListComponent - Time Cut Logic Cut Time Logic Tests"/>
  <testcase name="CutShiftListComponent - Time Cut Logic Cut Time Logic Tests Test 82: Club bouncer (22:00-06:00) cut at 02:00 → 4h + 4h = 8h" time="0.003" classname="CutShiftListComponent - Time Cut Logic Cut Time Logic Tests"/>
  <testcase name="CutShiftListComponent - Time Cut Logic Cut Time Logic Tests Test 83: IT maintenance window (02:00-06:00) cut at 04:00 → 2h + 2h = 4h" time="0.002" classname="CutShiftListComponent - Time Cut Logic Cut Time Logic Tests"/>
  <testcase name="CutShiftListComponent - Time Cut Logic Cut Time Logic Tests Test 84: IT overnight support (19:00-07:00) cut at 23:00 → 4h + 8h = 12h" time="0.002" classname="CutShiftListComponent - Time Cut Logic Cut Time Logic Tests"/>
  <testcase name="CutShiftListComponent - Time Cut Logic Cut Time Logic Tests Test 85: Already over midnight IT support (23:00-07:00) cut at 03:00 → 4h + 4h = 8h" time="0.011" classname="CutShiftListComponent - Time Cut Logic Cut Time Logic Tests"/>
  <testcase name="CutShiftListComponent - Time Cut Logic Cut Time Logic Tests Test 86: Gym early bird (05:00-13:00) cut at 09:00 → 4h + 4h = 8h" time="0.003" classname="CutShiftListComponent - Time Cut Logic Cut Time Logic Tests"/>
  <testcase name="CutShiftListComponent - Time Cut Logic Cut Time Logic Tests Test 87: Gym evening (15:00-23:00) cut at 19:00 → 4h + 4h = 8h" time="0.004" classname="CutShiftListComponent - Time Cut Logic Cut Time Logic Tests"/>
  <testcase name="CutShiftListComponent - Time Cut Logic Cut Time Logic Tests Test 88: Pharmacy day (08:30-18:30) cut at 13:30 → 5h + 5h = 10h" time="0.003" classname="CutShiftListComponent - Time Cut Logic Cut Time Logic Tests"/>
  <testcase name="CutShiftListComponent - Time Cut Logic Cut Time Logic Tests Test 89: Pharmacy emergency (18:30-08:30) cut at 00:30 → 6h + 8h = 14h" time="0.002" classname="CutShiftListComponent - Time Cut Logic Cut Time Logic Tests"/>
  <testcase name="CutShiftListComponent - Time Cut Logic Cut Time Logic Tests Test 90: School janitor early (06:00-14:00) cut at 10:00 → 4h + 4h = 8h" time="0.002" classname="CutShiftListComponent - Time Cut Logic Cut Time Logic Tests"/>
  <testcase name="CutShiftListComponent - Time Cut Logic Cut Time Logic Tests Test 91: School janitor late (14:00-22:00) cut at 18:00 → 4h + 4h = 8h" time="0.002" classname="CutShiftListComponent - Time Cut Logic Cut Time Logic Tests"/>
  <testcase name="CutShiftListComponent - Time Cut Logic Cut Time Logic Tests Test 92: Library morning (09:00-17:00) cut at 13:00 → 4h + 4h = 8h" time="0.001" classname="CutShiftListComponent - Time Cut Logic Cut Time Logic Tests"/>
  <testcase name="CutShiftListComponent - Time Cut Logic Cut Time Logic Tests Test 93: Library evening (12:00-20:00) cut at 16:00 → 4h + 4h = 8h" time="0.002" classname="CutShiftListComponent - Time Cut Logic Cut Time Logic Tests"/>
  <testcase name="CutShiftListComponent - Time Cut Logic Cut Time Logic Tests Test 94: Minimum split case: 23:58 to 00:02 cut at 00:00 → 2min + 2min = 4min" time="0.006" classname="CutShiftListComponent - Time Cut Logic Cut Time Logic Tests"/>
  <testcase name="CutShiftListComponent - Time Cut Logic Cut Time Logic Tests Test 95: Edge case: Already cut (20:00-02:00) then (20:00-23:00) cut at 21:30 → 1.5h + 1.5h = 3h" time="0.002" classname="CutShiftListComponent - Time Cut Logic Cut Time Logic Tests"/>
  <testcase name="CutShiftListComponent - Time Cut Logic Cut Time Logic Tests Test 96: Edge case: Already cut (20:00-02:00) then (23:00-02:00) cut at 00:30 → 1.5h + 1.5h = 3h" time="0.002" classname="CutShiftListComponent - Time Cut Logic Cut Time Logic Tests"/>
  <testcase name="CutShiftListComponent - Time Cut Logic Cut Date Logic Tests Cut Date Test 1: Normal shift split by date - minimum 2 days (08:00-16:00) from 2025-01-01, cut at 2025-01-02" time="0.002" classname="CutShiftListComponent - Time Cut Logic Cut Date Logic Tests"/>
  <testcase name="CutShiftListComponent - Time Cut Logic Cut Date Logic Tests Cut Date Test 2: Over-midnight shift split after 3 days (22:00-06:00) from 2025-01-01, cut at 2025-01-04" time="0.002" classname="CutShiftListComponent - Time Cut Logic Cut Date Logic Tests"/>
  <testcase name="CutShiftListComponent - Time Cut Logic Cut Date Logic Tests Cut Date Test 3: 24h shift split after 7 days (00:00-00:00) from 2025-01-01, cut at 2025-01-08" time="0.002" classname="CutShiftListComponent - Time Cut Logic Cut Date Logic Tests"/>
  <testcase name="CutShiftListComponent - Time Cut Logic Cut Staff Logic Tests Cut Staff Test 1: Split 10 employees: 7 original + 3 copied" time="0.004" classname="CutShiftListComponent - Time Cut Logic Cut Staff Logic Tests"/>
  <testcase name="CutShiftListComponent - Time Cut Logic Cut Staff Logic Tests Cut Staff Test 2: Split 5 employees: 3 original + 2 copied" time="0.002" classname="CutShiftListComponent - Time Cut Logic Cut Staff Logic Tests"/>
  <testcase name="CutShiftListComponent - Time Cut Logic Cut Staff Logic Tests Cut Staff Test 3: Split 2 employees: 1 original + 1 copied (minimum split)" time="0.002" classname="CutShiftListComponent - Time Cut Logic Cut Staff Logic Tests"/>
  <testcase name="CutShiftListComponent - Time Cut Logic Cut Staff Logic Tests Cut Staff Test 4: Split 50 employees: 30 original + 20 copied (large team)" time="0.002" classname="CutShiftListComponent - Time Cut Logic Cut Staff Logic Tests"/>
  <testcase name="CutShiftListComponent - Time Cut Logic Cut Task Logic Tests Cut Task Test 1: Split 20 tasks: 15 original + 5 copied" time="0.003" classname="CutShiftListComponent - Time Cut Logic Cut Task Logic Tests"/>
  <testcase name="CutShiftListComponent - Time Cut Logic Cut Task Logic Tests Cut Task Test 2: Split 10 tasks: 7 original + 3 copied" time="0.002" classname="CutShiftListComponent - Time Cut Logic Cut Task Logic Tests"/>
  <testcase name="CutShiftListComponent - Time Cut Logic Cut Task Logic Tests Cut Task Test 3: Split 2 tasks: 1 original + 1 copied (minimum split)" time="0.003" classname="CutShiftListComponent - Time Cut Logic Cut Task Logic Tests"/>
  <testcase name="CutShiftListComponent - Time Cut Logic Cut Task Logic Tests Cut Task Test 4: Split 100 tasks: 75 original + 25 copied (large quantity)" time="0.002" classname="CutShiftListComponent - Time Cut Logic Cut Task Logic Tests"/>
  <testcase name="CutShiftListComponent - Time Cut Logic ValidateAndCorrectTime Logic Tests Validate Time Test 1: Normal shift (07:00-15:00): User enters 16:00 → corrected to 14:59" time="0.002" classname="CutShiftListComponent - Time Cut Logic ValidateAndCorrectTime Logic Tests"/>
  <testcase name="CutShiftListComponent - Time Cut Logic ValidateAndCorrectTime Logic Tests Validate Time Test 2: Normal shift (07:00-15:00): User enters 06:00 → corrected to 07:01" time="0.002" classname="CutShiftListComponent - Time Cut Logic ValidateAndCorrectTime Logic Tests"/>
  <testcase name="CutShiftListComponent - Time Cut Logic ValidateAndCorrectTime Logic Tests Validate Time Test 3: Normal shift (07:00-15:00): User enters 07:00 → corrected to 07:01" time="0.002" classname="CutShiftListComponent - Time Cut Logic ValidateAndCorrectTime Logic Tests"/>
  <testcase name="CutShiftListComponent - Time Cut Logic ValidateAndCorrectTime Logic Tests Validate Time Test 4: Normal shift (07:00-15:00): User enters 15:00 → corrected to 14:59" time="0.002" classname="CutShiftListComponent - Time Cut Logic ValidateAndCorrectTime Logic Tests"/>
  <testcase name="CutShiftListComponent - Time Cut Logic ValidateAndCorrectTime Logic Tests Validate Time Test 5: Normal shift (07:00-15:00): User enters 10:00 → valid, no change" time="0.003" classname="CutShiftListComponent - Time Cut Logic ValidateAndCorrectTime Logic Tests"/>
  <testcase name="CutShiftListComponent - Time Cut Logic ValidateAndCorrectTime Logic Tests Validate Time Test 6: Over-midnight shift (23:00-07:00): User enters 08:00 → corrected to 07:00 (closer to end)" time="0.003" classname="CutShiftListComponent - Time Cut Logic ValidateAndCorrectTime Logic Tests"/>
  <testcase name="CutShiftListComponent - Time Cut Logic ValidateAndCorrectTime Logic Tests Validate Time Test 7: Over-midnight shift (23:00-07:00): User enters 15:00 → corrected to 23:00 (closer to start)" time="0.002" classname="CutShiftListComponent - Time Cut Logic ValidateAndCorrectTime Logic Tests"/>
  <testcase name="CutShiftListComponent - Time Cut Logic ValidateAndCorrectTime Logic Tests Validate Time Test 8: Over-midnight shift (23:00-07:00): User enters 22:00 → corrected to 23:00 (closer to start)" time="0.002" classname="CutShiftListComponent - Time Cut Logic ValidateAndCorrectTime Logic Tests"/>
  <testcase name="CutShiftListComponent - Time Cut Logic ValidateAndCorrectTime Logic Tests Validate Time Test 9: Over-midnight shift (23:00-07:00): User enters 23:30 → valid, no change" time="0.002" classname="CutShiftListComponent - Time Cut Logic ValidateAndCorrectTime Logic Tests"/>
  <testcase name="CutShiftListComponent - Time Cut Logic ValidateAndCorrectTime Logic Tests Validate Time Test 10: Over-midnight shift (23:00-07:00): User enters 02:00 → valid, no change" time="0.002" classname="CutShiftListComponent - Time Cut Logic ValidateAndCorrectTime Logic Tests"/>
  <testcase name="CutShiftListComponent - Time Cut Logic ValidateAndCorrectTime Logic Tests Validate Time Test 11: Over-midnight shift (23:00-07:00): User enters 23:00 → valid, no change (start allowed)" time="0.003" classname="CutShiftListComponent - Time Cut Logic ValidateAndCorrectTime Logic Tests"/>
  <testcase name="CutShiftListComponent - Time Cut Logic ValidateAndCorrectTime Logic Tests Validate Time Test 12: Over-midnight shift (23:00-07:00): User enters 07:00 → valid, no change (end allowed)" time="0.002" classname="CutShiftListComponent - Time Cut Logic ValidateAndCorrectTime Logic Tests"/>
  <testcase name="CutShiftListComponent - Time Cut Logic ValidateAndCorrectTime Logic Tests Validate Time Test 13: 24h shift (00:00-00:00): User enters 00:00 → corrected to 00:01 (exact start not allowed)" time="0.002" classname="CutShiftListComponent - Time Cut Logic ValidateAndCorrectTime Logic Tests"/>
  <testcase name="CutShiftListComponent - Time Cut Logic ValidateAndCorrectTime Logic Tests Validate Time Test 14: 24h shift (00:00-00:00): User enters 12:00 → valid, no change" time="0.002" classname="CutShiftListComponent - Time Cut Logic ValidateAndCorrectTime Logic Tests"/>
  <testcase name="CutShiftListComponent - Time Cut Logic ValidateAndCorrectTime Logic Tests Validate Time Test 15: 24h shift (00:00-00:00): User enters 23:59 → valid, no change" time="0.003" classname="CutShiftListComponent - Time Cut Logic ValidateAndCorrectTime Logic Tests"/>
  <testcase name="CutShiftListComponent - Time Cut Logic ValidateAndCorrectTime Logic Tests Validate Time Test 16: 24h shift (08:00-08:00): User enters 08:00 → corrected to 08:01 (exact start not allowed)" time="0.002" classname="CutShiftListComponent - Time Cut Logic ValidateAndCorrectTime Logic Tests"/>
  <testcase name="CutShiftListComponent - Time Cut Logic ValidateAndCorrectTime Logic Tests Validate Time Test 17: Over-midnight shift (20:00-04:00): User enters 10:00 → corrected to 04:00 (closer to end)" time="0.003" classname="CutShiftListComponent - Time Cut Logic ValidateAndCorrectTime Logic Tests"/>
  <testcase name="CutShiftListComponent - Time Cut Logic ValidateAndCorrectTime Logic Tests Validate Time Test 18: Over-midnight shift (20:00-04:00): User enters 19:00 → corrected to 20:00 (closer to start)" time="0.002" classname="CutShiftListComponent - Time Cut Logic ValidateAndCorrectTime Logic Tests"/>
  <testcase name="CutShiftListComponent - Time Cut Logic Auto-Selection of Child Cut Tests should auto-select new child cut after cut by time" time="0.003" classname="CutShiftListComponent - Time Cut Logic Auto-Selection of Child Cut Tests"/>
  <testcase name="CutShiftListComponent - Time Cut Logic Auto-Selection of Child Cut Tests should auto-select new child cut after cut by date" time="0.002" classname="CutShiftListComponent - Time Cut Logic Auto-Selection of Child Cut Tests"/>
  <testcase name="CutShiftListComponent - Time Cut Logic Auto-Selection of Child Cut Tests should auto-select new child cut after cut by staff" time="0.002" classname="CutShiftListComponent - Time Cut Logic Auto-Selection of Child Cut Tests"/>
  <testcase name="CutShiftListComponent - Time Cut Logic Auto-Selection of Child Cut Tests should auto-select new child cut after cut by task" time="0.008" classname="CutShiftListComponent - Time Cut Logic Auto-Selection of Child Cut Tests"/>
  <testcase name="CutShiftListComponent - Time Cut Logic Auto-Selection of Child Cut Tests should analyze cut possibilities for the newly selected child cut" time="0.002" classname="CutShiftListComponent - Time Cut Logic Auto-Selection of Child Cut Tests"/>
  <testcase name="CutTableComponent should create" time="0.003" classname="CutTableComponent"/>
  <system-out>
    <![CDATA[Chrome 141.0.0.0 (Windows 10) ALERT: 'Error message

Error messagede-DE
Error messagede-DE, de, en-US, en'

]]>
  </system-out>
  <system-err/>
</testsuite>